{
  "RSpec": {
    "coverage": {
      "/Users/emanuelebonanno/Desktop/employee_management/app/models/employee.rb": {
        "lines": [
          1,
          null
        ],
        "branches": {}
      },
      "/Users/emanuelebonanno/Desktop/employee_management/app/models/application_record.rb": {
        "lines": [
          1,
          1,
          null
        ],
        "branches": {}
      },
      "/Users/emanuelebonanno/Desktop/employee_management/app/controllers/employees_controller.rb": {
        "lines": [
          1,
          1,
          null,
          null,
          1,
          0,
          null,
          null,
          null,
          1,
          null,
          null,
          null,
          1,
          1,
          null,
          null,
          null,
          1,
          null,
          null,
          null,
          1,
          0,
          null,
          0,
          0,
          0,
          0,
          null,
          0,
          0,
          null,
          null,
          null,
          null,
          null,
          1,
          0,
          0,
          0,
          0,
          null,
          0,
          0,
          null,
          null,
          null,
          null,
          null,
          1,
          0,
          null,
          0,
          0,
          0,
          null,
          null,
          null,
          1,
          null,
          1,
          0,
          null,
          null,
          null,
          1,
          0,
          null,
          null
        ],
        "branches": {
          "[:if, 0, 27, 6, 33, 9]": {
            "[:then, 1, 28, 8, 29, 75]": 0,
            "[:else, 2, 31, 8, 32, 84]": 0
          },
          "[:if, 3, 40, 6, 46, 9]": {
            "[:then, 4, 41, 8, 42, 70]": 0,
            "[:else, 5, 44, 8, 45, 84]": 0
          }
        }
      },
      "/Users/emanuelebonanno/Desktop/employee_management/app/controllers/application_controller.rb": {
        "lines": [
          1,
          null,
          1,
          null
        ],
        "branches": {}
      },
      "/Users/emanuelebonanno/Desktop/employee_management/app/helpers/application_helper.rb": {
        "lines": [
          0,
          0
        ],
        "branches": {}
      },
      "/Users/emanuelebonanno/Desktop/employee_management/app/helpers/employees_helper.rb": {
        "lines": [
          0,
          0
        ],
        "branches": {}
      },
      "/Users/emanuelebonanno/Desktop/employee_management/app/jobs/application_job.rb": {
        "lines": [
          0,
          null,
          null,
          null,
          null,
          null,
          0
        ],
        "branches": {}
      },
      "/Users/emanuelebonanno/Desktop/employee_management/app/mailers/application_mailer.rb": {
        "lines": [
          0,
          0,
          0,
          0
        ],
        "branches": {}
      }
    },
    "timestamp": 1733250052
  }
}
